<?xml version="1.0" encoding="UTF-8"?>
<robot generator="Robot 6.0.2 (Python 3.10.2 on win32)" generated="20230205 20:21:36.715" rpa="false" schemaversion="3">
<suite id="s1" name="Tests" source="D:\PythonProjects\Tests">
<suite id="s1-s1" name="TestCases" source="D:\PythonProjects\Tests\TestCases">
<suite id="s1-s1-s1" name="People Api Tests" source="D:\PythonProjects\Tests\TestCases\people_api_tests.robot">
<kw name="Start the server" type="SETUP">
<kw name="Start Flask Server" library="RunTheServer">
<var>${Falsk_server_state}</var>
<msg timestamp="20230205 20:21:36.860" level="INFO">The Flask Server is started</msg>
<msg timestamp="20230205 20:21:36.861" level="INFO">${Falsk_server_state} = &lt;Popen: returncode: None args: ['python', 'D:\\PythonProjects\\Tests\\Resour...&gt;</msg>
<status status="PASS" starttime="20230205 20:21:36.858" endtime="20230205 20:21:36.861"/>
</kw>
<kw name="Set Suite Variable" library="BuiltIn">
<arg>${Falsk_server_state}</arg>
<doc>Makes a variable available everywhere within the scope of the current suite.</doc>
<msg timestamp="20230205 20:21:36.861" level="INFO">${Falsk_server_state} = &lt;Popen: returncode: None args: ['python', 'D:\\PythonProjects\\Tests\\Resour...&gt;</msg>
<status status="PASS" starttime="20230205 20:21:36.861" endtime="20230205 20:21:36.861"/>
</kw>
<kw name="Load Json From File" library="JSONLibrary">
<var>${People_test_data}</var>
<arg>${EXECDIR}\\Tests\\TestData\\person_TestData.json</arg>
<doc>Load JSON from file.</doc>
<msg timestamp="20230205 20:21:36.862" level="ERROR">JSON file: D:\PythonProjects\Tests\Tests\TestData\person_TestData.json not found</msg>
<msg timestamp="20230205 20:21:36.862" level="FAIL">OSError</msg>
<status status="FAIL" starttime="20230205 20:21:36.861" endtime="20230205 20:21:36.862"/>
</kw>
<kw name="Set Suite Variable" library="BuiltIn">
<arg>${People_test_data}</arg>
<doc>Makes a variable available everywhere within the scope of the current suite.</doc>
<status status="NOT RUN" starttime="20230205 20:21:36.863" endtime="20230205 20:21:36.863"/>
</kw>
<kw name="Load Json From File" library="JSONLibrary">
<var>${Starships_test_data}</var>
<arg>${EXECDIR}\\Tests\\TestData\\starships_testData.json</arg>
<doc>Load JSON from file.</doc>
<status status="NOT RUN" starttime="20230205 20:21:36.863" endtime="20230205 20:21:36.863"/>
</kw>
<kw name="Set Suite Variable" library="BuiltIn">
<arg>${Starships_test_data}</arg>
<doc>Makes a variable available everywhere within the scope of the current suite.</doc>
<status status="NOT RUN" starttime="20230205 20:21:36.863" endtime="20230205 20:21:36.863"/>
</kw>
<status status="FAIL" starttime="20230205 20:21:36.858" endtime="20230205 20:21:36.863"/>
</kw>
<test id="s1-s1-s1-t1" name="TestCase-1: Validates the response JSON schema for the people endpoint" line="17">
<doc>Validates the response JSON schema for the people endpoint</doc>
<tag>people_end_point</tag>
<tag>smoketest</tag>
<status status="FAIL" starttime="20230205 20:21:36.863" endtime="20230205 20:21:36.863">Parent suite setup failed:
OSError</status>
</test>
<test id="s1-s1-s1-t2" name="Test Case 2: Validate response with valid people ID and name" line="31">
<status status="FAIL" starttime="20230205 20:21:36.864" endtime="20230205 20:21:36.864">Parent suite setup failed:
OSError</status>
</test>
<test id="s1-s1-s1-t3" name="Test Case 3: Validate response with non-existent people ID" line="38">
<status status="FAIL" starttime="20230205 20:21:36.866" endtime="20230205 20:21:36.866">Parent suite setup failed:
OSError</status>
</test>
<test id="s1-s1-s1-t4" name="Test Case 4: Validate response with negative people ID" line="47">
<status status="FAIL" starttime="20230205 20:21:36.867" endtime="20230205 20:21:36.867">Parent suite setup failed:
OSError</status>
</test>
<test id="s1-s1-s1-t5" name="Test Case 5: Validate response with large people ID" line="54">
<status status="FAIL" starttime="20230205 20:21:36.868" endtime="20230205 20:21:36.869">Parent suite setup failed:
OSError</status>
</test>
<test id="s1-s1-s1-t6" name="Test Case 6: Validate response with string people ID" line="63">
<status status="FAIL" starttime="20230205 20:21:36.870" endtime="20230205 20:21:36.870">Parent suite setup failed:
OSError</status>
</test>
<kw name="Shutdown the Server" type="TEARDOWN">
<kw name="Stop Flask Server" library="RunTheServer">
<arg>${Falsk_server_state}</arg>
<msg timestamp="20230205 20:21:36.872" level="INFO">The Flask Server is stopped</msg>
<status status="PASS" starttime="20230205 20:21:36.872" endtime="20230205 20:21:36.872"/>
</kw>
<kw name="Log" library="BuiltIn">
<arg>"The server is shutdown"</arg>
<doc>Logs the given message with the given level.</doc>
<msg timestamp="20230205 20:21:36.873" level="INFO">"The server is shutdown"</msg>
<status status="PASS" starttime="20230205 20:21:36.872" endtime="20230205 20:21:36.873"/>
</kw>
<status status="PASS" starttime="20230205 20:21:36.872" endtime="20230205 20:21:36.873"/>
</kw>
<status status="FAIL" starttime="20230205 20:21:36.731" endtime="20230205 20:21:36.873">Suite setup failed:
OSError</status>
</suite>
<suite id="s1-s1-s2" name="Planets Api Tests" source="D:\PythonProjects\Tests\TestCases\planets_api_tests.robot">
<kw name="Start the server" type="SETUP">
<kw name="Start Flask Server" library="RunTheServer">
<var>${Flask_server_state}</var>
<msg timestamp="20230205 20:21:36.881" level="INFO">The Flask Server is started</msg>
<msg timestamp="20230205 20:21:36.881" level="INFO">${Flask_server_state} = &lt;Popen: returncode: None args: ['python', 'D:\\PythonProjects\\Tests\\Resour...&gt;</msg>
<status status="PASS" starttime="20230205 20:21:36.879" endtime="20230205 20:21:36.881"/>
</kw>
<kw name="Set Suite Variable" library="BuiltIn">
<arg>${Flask_server_state}</arg>
<doc>Makes a variable available everywhere within the scope of the current suite.</doc>
<msg timestamp="20230205 20:21:36.881" level="INFO">${Flask_server_state} = &lt;Popen: returncode: None args: ['python', 'D:\\PythonProjects\\Tests\\Resour...&gt;</msg>
<status status="PASS" starttime="20230205 20:21:36.881" endtime="20230205 20:21:36.881"/>
</kw>
<kw name="Load Json From File" library="JSONLibrary">
<var>${Planets_test_data}</var>
<arg>${EXECDIR}\\Tests\\TestData\\planets_testData.json</arg>
<doc>Load JSON from file.</doc>
<msg timestamp="20230205 20:21:36.882" level="ERROR">JSON file: D:\PythonProjects\Tests\Tests\TestData\planets_testData.json not found</msg>
<msg timestamp="20230205 20:21:36.882" level="FAIL">OSError</msg>
<status status="FAIL" starttime="20230205 20:21:36.881" endtime="20230205 20:21:36.882"/>
</kw>
<kw name="Set Suite Variable" library="BuiltIn">
<arg>${Planets_test_data}</arg>
<doc>Makes a variable available everywhere within the scope of the current suite.</doc>
<status status="NOT RUN" starttime="20230205 20:21:36.882" endtime="20230205 20:21:36.882"/>
</kw>
<status status="FAIL" starttime="20230205 20:21:36.879" endtime="20230205 20:21:36.882"/>
</kw>
<test id="s1-s1-s2-t1" name="TestCase-1: Validates the response JSON schema for the planets endpoint" line="17">
<doc>Validates the response JSON schema for the planets endpoint</doc>
<tag>planet_end_point</tag>
<tag>smoketest</tag>
<status status="FAIL" starttime="20230205 20:21:36.883" endtime="20230205 20:21:36.883">Parent suite setup failed:
OSError</status>
</test>
<test id="s1-s1-s2-t2" name="Test Case 2: Validate response with valid planets ID and name" line="31">
<status status="FAIL" starttime="20230205 20:21:36.884" endtime="20230205 20:21:36.884">Parent suite setup failed:
OSError</status>
</test>
<test id="s1-s1-s2-t3" name="Test Case 3: Validate response with non-existent planets ID" line="39">
<status status="FAIL" starttime="20230205 20:21:36.885" endtime="20230205 20:21:36.885">Parent suite setup failed:
OSError</status>
</test>
<test id="s1-s1-s2-t4" name="Test Case 4: Validate response with negative planets ID" line="48">
<status status="FAIL" starttime="20230205 20:21:36.886" endtime="20230205 20:21:36.886">Parent suite setup failed:
OSError</status>
</test>
<test id="s1-s1-s2-t5" name="Test Case 5: Validate response with large planets ID" line="55">
<status status="FAIL" starttime="20230205 20:21:36.888" endtime="20230205 20:21:36.889">Parent suite setup failed:
OSError</status>
</test>
<test id="s1-s1-s2-t6" name="Test Case 6: Validate response with string planets ID" line="64">
<status status="FAIL" starttime="20230205 20:21:36.890" endtime="20230205 20:21:36.891">Parent suite setup failed:
OSError</status>
</test>
<kw name="Shutdown the Server" type="TEARDOWN">
<kw name="Stop Flask Server" library="RunTheServer">
<arg>${Flask_server_state}</arg>
<msg timestamp="20230205 20:21:36.892" level="INFO">The Flask Server is stopped</msg>
<status status="PASS" starttime="20230205 20:21:36.892" endtime="20230205 20:21:36.892"/>
</kw>
<kw name="Log" library="BuiltIn">
<arg>"The server is shutdown"</arg>
<doc>Logs the given message with the given level.</doc>
<msg timestamp="20230205 20:21:36.893" level="INFO">"The server is shutdown"</msg>
<status status="PASS" starttime="20230205 20:21:36.893" endtime="20230205 20:21:36.893"/>
</kw>
<status status="PASS" starttime="20230205 20:21:36.892" endtime="20230205 20:21:36.893"/>
</kw>
<status status="FAIL" starttime="20230205 20:21:36.874" endtime="20230205 20:21:36.893">Suite setup failed:
OSError</status>
</suite>
<suite id="s1-s1-s3" name="Starships Api Tests" source="D:\PythonProjects\Tests\TestCases\starships_api_tests.robot">
<kw name="Start the server" type="SETUP">
<kw name="Start Flask Server" library="RunTheServer">
<var>${Falsk_server_state}</var>
<msg timestamp="20230205 20:21:36.901" level="INFO">The Flask Server is started</msg>
<msg timestamp="20230205 20:21:36.901" level="INFO">${Falsk_server_state} = &lt;Popen: returncode: None args: ['python', 'D:\\PythonProjects\\Tests\\Resour...&gt;</msg>
<status status="PASS" starttime="20230205 20:21:36.899" endtime="20230205 20:21:36.901"/>
</kw>
<kw name="Set Suite Variable" library="BuiltIn">
<arg>${Falsk_server_state}</arg>
<doc>Makes a variable available everywhere within the scope of the current suite.</doc>
<msg timestamp="20230205 20:21:36.901" level="INFO">${Falsk_server_state} = &lt;Popen: returncode: None args: ['python', 'D:\\PythonProjects\\Tests\\Resour...&gt;</msg>
<status status="PASS" starttime="20230205 20:21:36.901" endtime="20230205 20:21:36.901"/>
</kw>
<kw name="Load Json From File" library="JSONLibrary">
<var>${Starships_test_data}</var>
<arg>${EXECDIR}\\Tests\\TestData\\starships_testData.json</arg>
<doc>Load JSON from file.</doc>
<msg timestamp="20230205 20:21:36.902" level="ERROR">JSON file: D:\PythonProjects\Tests\Tests\TestData\starships_testData.json not found</msg>
<msg timestamp="20230205 20:21:36.902" level="FAIL">OSError</msg>
<status status="FAIL" starttime="20230205 20:21:36.901" endtime="20230205 20:21:36.902"/>
</kw>
<kw name="Set Suite Variable" library="BuiltIn">
<arg>${Starships_test_data}</arg>
<doc>Makes a variable available everywhere within the scope of the current suite.</doc>
<status status="NOT RUN" starttime="20230205 20:21:36.902" endtime="20230205 20:21:36.902"/>
</kw>
<status status="FAIL" starttime="20230205 20:21:36.898" endtime="20230205 20:21:36.902"/>
</kw>
<test id="s1-s1-s3-t1" name="TestCase 1: Validates the response JSON schema for the starships endpoint" line="16">
<doc>Validates the response JSON schema for the people endpoint</doc>
<tag>people_end_point</tag>
<tag>smoketest</tag>
<status status="FAIL" starttime="20230205 20:21:36.902" endtime="20230205 20:21:36.903">Parent suite setup failed:
OSError</status>
</test>
<test id="s1-s1-s3-t2" name="Test Case 2: Validate response with valid starships ID and name" line="30">
<status status="FAIL" starttime="20230205 20:21:36.903" endtime="20230205 20:21:36.904">Parent suite setup failed:
OSError</status>
</test>
<test id="s1-s1-s3-t3" name="Test Case 3: Validate response with non-existent starship ID" line="37">
<status status="FAIL" starttime="20230205 20:21:36.905" endtime="20230205 20:21:36.905">Parent suite setup failed:
OSError</status>
</test>
<test id="s1-s1-s3-t4" name="Test Case 4: Validate response with negative starship ID" line="46">
<status status="FAIL" starttime="20230205 20:21:36.906" endtime="20230205 20:21:36.907">Parent suite setup failed:
OSError</status>
</test>
<test id="s1-s1-s3-t5" name="Test Case 5: Validate response with large starship ID" line="53">
<status status="FAIL" starttime="20230205 20:21:36.907" endtime="20230205 20:21:36.908">Parent suite setup failed:
OSError</status>
</test>
<test id="s1-s1-s3-t6" name="Test Case 6: Validate response with string starship ID" line="62">
<status status="FAIL" starttime="20230205 20:21:36.909" endtime="20230205 20:21:36.909">Parent suite setup failed:
OSError</status>
</test>
<kw name="Shutdown the Server" type="TEARDOWN">
<kw name="Stop Flask Server" library="RunTheServer">
<arg>${Falsk_server_state}</arg>
<msg timestamp="20230205 20:21:36.911" level="INFO">The Flask Server is stopped</msg>
<status status="PASS" starttime="20230205 20:21:36.911" endtime="20230205 20:21:36.911"/>
</kw>
<kw name="Log" library="BuiltIn">
<arg>"The server is shutdown"</arg>
<doc>Logs the given message with the given level.</doc>
<msg timestamp="20230205 20:21:36.911" level="INFO">"The server is shutdown"</msg>
<status status="PASS" starttime="20230205 20:21:36.911" endtime="20230205 20:21:36.911"/>
</kw>
<status status="PASS" starttime="20230205 20:21:36.910" endtime="20230205 20:21:36.911"/>
</kw>
<status status="FAIL" starttime="20230205 20:21:36.894" endtime="20230205 20:21:36.911">Suite setup failed:
OSError</status>
</suite>
<status status="FAIL" starttime="20230205 20:21:36.731" endtime="20230205 20:21:36.913"/>
</suite>
<status status="FAIL" starttime="20230205 20:21:36.715" endtime="20230205 20:21:36.914"/>
</suite>
<statistics>
<total>
<stat pass="0" fail="18" skip="0">All Tests</stat>
</total>
<tag>
<stat pass="0" fail="2" skip="0">people_end_point</stat>
<stat pass="0" fail="1" skip="0">planet_end_point</stat>
<stat pass="0" fail="3" skip="0">smoketest</stat>
</tag>
<suite>
<stat pass="0" fail="18" skip="0" id="s1" name="Tests">Tests</stat>
<stat pass="0" fail="18" skip="0" id="s1-s1" name="TestCases">Tests.TestCases</stat>
<stat pass="0" fail="6" skip="0" id="s1-s1-s1" name="People Api Tests">Tests.TestCases.People Api Tests</stat>
<stat pass="0" fail="6" skip="0" id="s1-s1-s2" name="Planets Api Tests">Tests.TestCases.Planets Api Tests</stat>
<stat pass="0" fail="6" skip="0" id="s1-s1-s3" name="Starships Api Tests">Tests.TestCases.Starships Api Tests</stat>
</suite>
</statistics>
<errors>
<msg timestamp="20230205 20:21:36.862" level="ERROR">JSON file: D:\PythonProjects\Tests\Tests\TestData\person_TestData.json not found</msg>
<msg timestamp="20230205 20:21:36.882" level="ERROR">JSON file: D:\PythonProjects\Tests\Tests\TestData\planets_testData.json not found</msg>
<msg timestamp="20230205 20:21:36.902" level="ERROR">JSON file: D:\PythonProjects\Tests\Tests\TestData\starships_testData.json not found</msg>
</errors>
</robot>
